\BOOKMARK [0][-]{chapter.1}{\376\377\000U\000v\000o\000d}{}% 1
\BOOKMARK [0][-]{chapter.2}{\376\377\000Z\000a\000g\000r\000e\000b\000a\001\015\000k\000i\000\040\000E\000l\000e\000k\000t\000r\000i\001\015\000n\000i\000\040\000T\000r\000a\000m\000v\000a\000j}{}% 2
\BOOKMARK [1][-]{section.2.1}{\376\377\000S\000l\000i\001\015\000n\000e\000\040\000a\000p\000l\000i\000k\000a\000c\000i\000j\000e\000\040\000-\000\040\000Z\000E\000T\000\040\000i\000n\000f\000o}{chapter.2}% 3
\BOOKMARK [0][-]{chapter.3}{\376\377\000G\000e\000n\000e\000r\000a\000l\000\040\000T\000r\000a\000n\000s\000i\000t\000\040\000F\000e\000e\000d\000\040\000S\000p\000e\000c\000i\000f\000i\000c\000a\000t\000i\000o\000n}{}% 4
\BOOKMARK [1][-]{section.3.1}{\376\377\000G\000T\000F\000S\000\040\000s\000t\000a\000t\000i\000c}{chapter.3}% 5
\BOOKMARK [2][-]{subsection.3.1.1}{\376\377\000N\000e\000o\000p\000h\000o\000d\000n\000e\000\040\000d\000a\000t\000o\000t\000e\000k\000e}{section.3.1}% 6
\BOOKMARK [2][-]{subsection.3.1.2}{\376\377\000O\000p\000c\000i\000o\000n\000a\000l\000n\000e\000\040\000d\000a\000t\000o\000t\000e\000k\000e}{section.3.1}% 7
\BOOKMARK [1][-]{section.3.2}{\376\377\000G\000T\000F\000S\000-\000r\000t}{chapter.3}% 8
\BOOKMARK [1][-]{section.3.3}{\376\377\000Z\000E\000T\000\040\000G\000T\000F\000S\000\040\000p\000o\000d\000a\000c\000i}{chapter.3}% 9
\BOOKMARK [1][-]{section.3.4}{\376\377\000Z\000E\000T\000\040\000r\000e\000a\000l\000t\000i\000m\000e\000\040\000p\000o\000d\000a\000c\000i}{chapter.3}% 10
\BOOKMARK [0][-]{chapter.4}{\376\377\000P\000r\000o\000t\000o\000c\000o\000l\000\040\000b\000u\000f\000f\000e\000r\000s}{}% 11
\BOOKMARK [0][-]{chapter.5}{\376\377\000A\000r\000h\000i\000t\000e\000k\000t\000u\000r\000a\000\040\000s\000u\000s\000t\000a\000v\000a}{}% 12
\BOOKMARK [1][-]{section.5.1}{\376\377\000B\000a\000z\000a\000\040\000p\000o\000d\000a\000t\000a\000k\000a}{chapter.5}% 13
\BOOKMARK [1][-]{section.5.2}{\376\377\000P\000o\000m\000o\001\007\000n\000a\000\040\000s\000k\000r\000i\000p\000t\000e}{chapter.5}% 14
\BOOKMARK [1][-]{section.5.3}{\376\377\000P\000o\000s\000l\000u\001\176\000i\000t\000e\000l\000j\000s\000k\000i\000\040\000d\000i\000o\000\040\000a\000p\000l\000i\000k\000a\000c\000i\000j\000e\000\040\000-\000\040\000n\000o\000d\000e\000.\000j\000s}{chapter.5}% 15
\BOOKMARK [1][-]{section.5.4}{\376\377\000K\000l\000i\000j\000e\000n\000t\000s\000k\000i\000\040\000d\000i\000o\000\040\000a\000p\000l\000i\000k\000a\000c\000i\000j\000e\000\040\000-\000\040\000R\000E\000A\000C\000T}{chapter.5}% 16
\BOOKMARK [0][-]{chapter.6}{\376\377\000I\000z\000g\000l\000e\000d\000\040\000a\000p\000l\000i\000k\000a\000c\000i\000j\000e}{}% 17
\BOOKMARK [0][-]{chapter.7}{\376\377\000Z\000a\000k\000l\000j\000u\001\015\000a\000k}{}% 18
\BOOKMARK [0][-]{chapter*.45}{\376\377\000L\000i\000t\000e\000r\000a\000t\000u\000r\000a}{}% 19
\BOOKMARK [0][-]{chapter*.46}{\376\377\000S\000a\001\176\000e\000t\000a\000k}{}% 20
\BOOKMARK [0][-]{chapter*.47}{\376\377\000A\000b\000s\000t\000r\000a\000c\000t}{}% 21
\BOOKMARK [0][-]{chapter.1}{\376\377\000K\000\364\000d}{}% 22
